<?xml version="1.0" encoding="UTF-8"?>
<testsuite name="vn.amela.todoList.controller.HomeControllerTest" tests="14" skipped="0" failures="0" errors="0" timestamp="2023-06-11T12:29:50" hostname="NGUYENHUYVU" time="0.267">
  <properties/>
  <testcase name="redirectLoginPage_2()" classname="vn.amela.todoList.controller.HomeControllerTest" time="0.013"/>
  <testcase name="redirectLoginPage_3()" classname="vn.amela.todoList.controller.HomeControllerTest" time="0.053"/>
  <testcase name="redirectLoginPage_4()" classname="vn.amela.todoList.controller.HomeControllerTest" time="0.034"/>
  <testcase name="redirectLoginPage_5()" classname="vn.amela.todoList.controller.HomeControllerTest" time="0.011"/>
  <testcase name="redirectLoginPage_6()" classname="vn.amela.todoList.controller.HomeControllerTest" time="0.013"/>
  <testcase name="redirectLoginPage_7()" classname="vn.amela.todoList.controller.HomeControllerTest" time="0.015"/>
  <testcase name="loginPageF_1()" classname="vn.amela.todoList.controller.HomeControllerTest" time="0.01"/>
  <testcase name="loginPageF_2()" classname="vn.amela.todoList.controller.HomeControllerTest" time="0.025"/>
  <testcase name="registerPage_1()" classname="vn.amela.todoList.controller.HomeControllerTest" time="0.01"/>
  <testcase name="registerPage_2()" classname="vn.amela.todoList.controller.HomeControllerTest" time="0.018"/>
  <testcase name="registerPage_3()" classname="vn.amela.todoList.controller.HomeControllerTest" time="0.012"/>
  <testcase name="redirectLoginPage()" classname="vn.amela.todoList.controller.HomeControllerTest" time="0.011"/>
  <testcase name="loginPage_1()" classname="vn.amela.todoList.controller.HomeControllerTest" time="0.015"/>
  <testcase name="loginPage_2()" classname="vn.amela.todoList.controller.HomeControllerTest" time="0.012"/>
  <system-out><![CDATA[2023-06-11 19:29:50.190  INFO 16036 --- [    Test worker] o.s.t.c.support.AbstractContextLoader    : Could not detect default resource locations for test class [vn.amela.todoList.controller.HomeControllerTest]: no resource found for suffixes {-context.xml, Context.groovy}.
2023-06-11 19:29:50.191  INFO 16036 --- [    Test worker] t.c.s.AnnotationConfigContextLoaderUtils : Could not detect default configuration classes for test class [vn.amela.todoList.controller.HomeControllerTest]: HomeControllerTest does not declare any static, non-private, non-final, nested classes annotated with @Configuration.
2023-06-11 19:29:50.193  INFO 16036 --- [    Test worker] .b.t.c.SpringBootTestContextBootstrapper : Found @SpringBootConfiguration vn.amela.todoList.TodoListApplication for test class vn.amela.todoList.controller.HomeControllerTest
2023-06-11 19:29:50.196  INFO 16036 --- [    Test worker] .b.t.c.SpringBootTestContextBootstrapper : Loaded default TestExecutionListener class names from location [META-INF/spring.factories]: [org.springframework.boot.test.autoconfigure.restdocs.RestDocsTestExecutionListener, org.springframework.boot.test.autoconfigure.web.client.MockRestServiceServerResetTestExecutionListener, org.springframework.boot.test.autoconfigure.web.servlet.MockMvcPrintOnlyOnFailureTestExecutionListener, org.springframework.boot.test.autoconfigure.web.servlet.WebDriverTestExecutionListener, org.springframework.boot.test.autoconfigure.webservices.client.MockWebServiceServerTestExecutionListener, org.springframework.boot.test.mock.mockito.MockitoTestExecutionListener, org.springframework.boot.test.mock.mockito.ResetMocksTestExecutionListener, org.springframework.test.context.web.ServletTestExecutionListener, org.springframework.test.context.support.DirtiesContextBeforeModesTestExecutionListener, org.springframework.test.context.event.ApplicationEventsTestExecutionListener, org.springframework.test.context.support.DependencyInjectionTestExecutionListener, org.springframework.test.context.support.DirtiesContextTestExecutionListener, org.springframework.test.context.transaction.TransactionalTestExecutionListener, org.springframework.test.context.jdbc.SqlScriptsTestExecutionListener, org.springframework.test.context.event.EventPublishingTestExecutionListener]
2023-06-11 19:29:50.197  INFO 16036 --- [    Test worker] .b.t.c.SpringBootTestContextBootstrapper : Using TestExecutionListeners: [org.springframework.test.context.web.ServletTestExecutionListener@eb002c0, org.springframework.test.context.support.DirtiesContextBeforeModesTestExecutionListener@f0bbf1, org.springframework.test.context.event.ApplicationEventsTestExecutionListener@582cab6b, org.springframework.boot.test.mock.mockito.MockitoTestExecutionListener@3fc1cfa, org.springframework.boot.test.autoconfigure.SpringBootDependencyInjectionTestExecutionListener@d54b847, org.springframework.test.context.support.DirtiesContextTestExecutionListener@87ea52f, org.springframework.test.context.transaction.TransactionalTestExecutionListener@353420b8, org.springframework.test.context.jdbc.SqlScriptsTestExecutionListener@56ccf128, org.springframework.test.context.event.EventPublishingTestExecutionListener@7ef2fd36, org.springframework.boot.test.autoconfigure.restdocs.RestDocsTestExecutionListener@358781a, org.springframework.boot.test.autoconfigure.web.client.MockRestServiceServerResetTestExecutionListener@17fdb929, org.springframework.boot.test.autoconfigure.web.servlet.MockMvcPrintOnlyOnFailureTestExecutionListener@26094f4f, org.springframework.boot.test.autoconfigure.web.servlet.WebDriverTestExecutionListener@4ffb0df5, org.springframework.boot.test.autoconfigure.webservices.client.MockWebServiceServerTestExecutionListener@f2334b8, org.springframework.boot.test.mock.mockito.ResetMocksTestExecutionListener@75edf084]
2023-06-11 19:29:50.202  INFO 16036 --- [    Test worker] o.s.b.t.m.w.SpringBootMockServletContext : Initializing Spring TestDispatcherServlet ''
2023-06-11 19:29:50.202  INFO 16036 --- [    Test worker] o.s.t.web.servlet.TestDispatcherServlet  : Initializing Servlet ''
2023-06-11 19:29:50.203  INFO 16036 --- [    Test worker] o.s.t.web.servlet.TestDispatcherServlet  : Completed initialization in 1 ms
2023-06-11 19:29:50.217  INFO 16036 --- [    Test worker] o.s.b.t.m.w.SpringBootMockServletContext : Initializing Spring TestDispatcherServlet ''
2023-06-11 19:29:50.217  INFO 16036 --- [    Test worker] o.s.t.web.servlet.TestDispatcherServlet  : Initializing Servlet ''
2023-06-11 19:29:50.218  INFO 16036 --- [    Test worker] o.s.t.web.servlet.TestDispatcherServlet  : Completed initialization in 1 ms
2023-06-11 19:29:50.296  INFO 16036 --- [    Test worker] o.s.b.t.m.w.SpringBootMockServletContext : Initializing Spring TestDispatcherServlet ''
2023-06-11 19:29:50.296  INFO 16036 --- [    Test worker] o.s.t.web.servlet.TestDispatcherServlet  : Initializing Servlet ''
2023-06-11 19:29:50.297  INFO 16036 --- [    Test worker] o.s.t.web.servlet.TestDispatcherServlet  : Completed initialization in 1 ms
2023-06-11 19:29:50.309  INFO 16036 --- [    Test worker] o.s.b.t.m.w.SpringBootMockServletContext : Initializing Spring TestDispatcherServlet ''
2023-06-11 19:29:50.309  INFO 16036 --- [    Test worker] o.s.t.web.servlet.TestDispatcherServlet  : Initializing Servlet ''
2023-06-11 19:29:50.310  INFO 16036 --- [    Test worker] o.s.t.web.servlet.TestDispatcherServlet  : Completed initialization in 1 ms
2023-06-11 19:29:50.321  INFO 16036 --- [    Test worker] o.s.b.t.m.w.SpringBootMockServletContext : Initializing Spring TestDispatcherServlet ''
2023-06-11 19:29:50.321  INFO 16036 --- [    Test worker] o.s.t.web.servlet.TestDispatcherServlet  : Initializing Servlet ''
2023-06-11 19:29:50.322  INFO 16036 --- [    Test worker] o.s.t.web.servlet.TestDispatcherServlet  : Completed initialization in 1 ms
2023-06-11 19:29:50.336  INFO 16036 --- [    Test worker] o.s.b.t.m.w.SpringBootMockServletContext : Initializing Spring TestDispatcherServlet ''
2023-06-11 19:29:50.336  INFO 16036 --- [    Test worker] o.s.t.web.servlet.TestDispatcherServlet  : Initializing Servlet ''
2023-06-11 19:29:50.338  INFO 16036 --- [    Test worker] o.s.t.web.servlet.TestDispatcherServlet  : Completed initialization in 2 ms
2023-06-11 19:29:50.353  INFO 16036 --- [    Test worker] o.s.b.t.m.w.SpringBootMockServletContext : Initializing Spring TestDispatcherServlet ''
2023-06-11 19:29:50.353  INFO 16036 --- [    Test worker] o.s.t.web.servlet.TestDispatcherServlet  : Initializing Servlet ''
2023-06-11 19:29:50.355  INFO 16036 --- [    Test worker] o.s.t.web.servlet.TestDispatcherServlet  : Completed initialization in 2 ms
2023-06-11 19:29:50.362  INFO 16036 --- [    Test worker] o.s.b.t.m.w.SpringBootMockServletContext : Initializing Spring TestDispatcherServlet ''
2023-06-11 19:29:50.363  INFO 16036 --- [    Test worker] o.s.t.web.servlet.TestDispatcherServlet  : Initializing Servlet ''
2023-06-11 19:29:50.364  INFO 16036 --- [    Test worker] o.s.t.web.servlet.TestDispatcherServlet  : Completed initialization in 1 ms
2023-06-11 19:29:50.388  INFO 16036 --- [    Test worker] o.s.b.t.m.w.SpringBootMockServletContext : Initializing Spring TestDispatcherServlet ''
2023-06-11 19:29:50.389  INFO 16036 --- [    Test worker] o.s.t.web.servlet.TestDispatcherServlet  : Initializing Servlet ''
2023-06-11 19:29:50.391  INFO 16036 --- [    Test worker] o.s.t.web.servlet.TestDispatcherServlet  : Completed initialization in 1 ms
2023-06-11 19:29:50.400  INFO 16036 --- [    Test worker] o.s.b.t.m.w.SpringBootMockServletContext : Initializing Spring TestDispatcherServlet ''
2023-06-11 19:29:50.400  INFO 16036 --- [    Test worker] o.s.t.web.servlet.TestDispatcherServlet  : Initializing Servlet ''
2023-06-11 19:29:50.401  INFO 16036 --- [    Test worker] o.s.t.web.servlet.TestDispatcherServlet  : Completed initialization in 1 ms
2023-06-11 19:29:50.418  INFO 16036 --- [    Test worker] o.s.b.t.m.w.SpringBootMockServletContext : Initializing Spring TestDispatcherServlet ''
2023-06-11 19:29:50.418  INFO 16036 --- [    Test worker] o.s.t.web.servlet.TestDispatcherServlet  : Initializing Servlet ''
2023-06-11 19:29:50.419  INFO 16036 --- [    Test worker] o.s.t.web.servlet.TestDispatcherServlet  : Completed initialization in 0 ms
2023-06-11 19:29:50.432  INFO 16036 --- [    Test worker] o.s.b.t.m.w.SpringBootMockServletContext : Initializing Spring TestDispatcherServlet ''
2023-06-11 19:29:50.432  INFO 16036 --- [    Test worker] o.s.t.web.servlet.TestDispatcherServlet  : Initializing Servlet ''
2023-06-11 19:29:50.434  INFO 16036 --- [    Test worker] o.s.t.web.servlet.TestDispatcherServlet  : Completed initialization in 2 ms
2023-06-11 19:29:50.444  INFO 16036 --- [    Test worker] o.s.b.t.m.w.SpringBootMockServletContext : Initializing Spring TestDispatcherServlet ''
2023-06-11 19:29:50.447  INFO 16036 --- [    Test worker] o.s.t.web.servlet.TestDispatcherServlet  : Initializing Servlet ''
2023-06-11 19:29:50.449  INFO 16036 --- [    Test worker] o.s.t.web.servlet.TestDispatcherServlet  : Completed initialization in 1 ms
2023-06-11 19:29:50.458  INFO 16036 --- [    Test worker] o.s.b.t.m.w.SpringBootMockServletContext : Initializing Spring TestDispatcherServlet ''
2023-06-11 19:29:50.458  INFO 16036 --- [    Test worker] o.s.t.web.servlet.TestDispatcherServlet  : Initializing Servlet ''
2023-06-11 19:29:50.460  INFO 16036 --- [    Test worker] o.s.t.web.servlet.TestDispatcherServlet  : Completed initialization in 2 ms
]]></system-out>
  <system-err><![CDATA[]]></system-err>
</testsuite>
