<?xml version="1.0" encoding="UTF-8"?>
<testsuite name="vn.amela.todoList.controller.AccountControllerTest" tests="4" skipped="0" failures="0" errors="0" timestamp="2023-06-11T12:29:49" hostname="NGUYENHUYVU" time="0.228">
  <properties/>
  <testcase name="doRegister_1()" classname="vn.amela.todoList.controller.AccountControllerTest" time="0.067"/>
  <testcase name="doRegister_2()" classname="vn.amela.todoList.controller.AccountControllerTest" time="0.011"/>
  <testcase name="doRegister_3()" classname="vn.amela.todoList.controller.AccountControllerTest" time="0.023"/>
  <testcase name="doRegister_4()" classname="vn.amela.todoList.controller.AccountControllerTest" time="0.073"/>
  <system-out><![CDATA[2023-06-11 19:29:49.943  INFO 16036 --- [    Test worker] o.s.t.c.support.AbstractContextLoader    : Could not detect default resource locations for test class [vn.amela.todoList.controller.AccountControllerTest]: no resource found for suffixes {-context.xml, Context.groovy}.
2023-06-11 19:29:49.944  INFO 16036 --- [    Test worker] t.c.s.AnnotationConfigContextLoaderUtils : Could not detect default configuration classes for test class [vn.amela.todoList.controller.AccountControllerTest]: AccountControllerTest does not declare any static, non-private, non-final, nested classes annotated with @Configuration.
2023-06-11 19:29:49.947  INFO 16036 --- [    Test worker] .b.t.c.SpringBootTestContextBootstrapper : Found @SpringBootConfiguration vn.amela.todoList.TodoListApplication for test class vn.amela.todoList.controller.AccountControllerTest
2023-06-11 19:29:49.950  INFO 16036 --- [    Test worker] .b.t.c.SpringBootTestContextBootstrapper : Loaded default TestExecutionListener class names from location [META-INF/spring.factories]: [org.springframework.boot.test.autoconfigure.restdocs.RestDocsTestExecutionListener, org.springframework.boot.test.autoconfigure.web.client.MockRestServiceServerResetTestExecutionListener, org.springframework.boot.test.autoconfigure.web.servlet.MockMvcPrintOnlyOnFailureTestExecutionListener, org.springframework.boot.test.autoconfigure.web.servlet.WebDriverTestExecutionListener, org.springframework.boot.test.autoconfigure.webservices.client.MockWebServiceServerTestExecutionListener, org.springframework.boot.test.mock.mockito.MockitoTestExecutionListener, org.springframework.boot.test.mock.mockito.ResetMocksTestExecutionListener, org.springframework.test.context.web.ServletTestExecutionListener, org.springframework.test.context.support.DirtiesContextBeforeModesTestExecutionListener, org.springframework.test.context.event.ApplicationEventsTestExecutionListener, org.springframework.test.context.support.DependencyInjectionTestExecutionListener, org.springframework.test.context.support.DirtiesContextTestExecutionListener, org.springframework.test.context.transaction.TransactionalTestExecutionListener, org.springframework.test.context.jdbc.SqlScriptsTestExecutionListener, org.springframework.test.context.event.EventPublishingTestExecutionListener]
2023-06-11 19:29:49.951  INFO 16036 --- [    Test worker] .b.t.c.SpringBootTestContextBootstrapper : Using TestExecutionListeners: [org.springframework.test.context.web.ServletTestExecutionListener@1ece47da, org.springframework.test.context.support.DirtiesContextBeforeModesTestExecutionListener@4ef30007, org.springframework.test.context.event.ApplicationEventsTestExecutionListener@2d517d0, org.springframework.boot.test.mock.mockito.MockitoTestExecutionListener@1721de56, org.springframework.boot.test.autoconfigure.SpringBootDependencyInjectionTestExecutionListener@7bbdabff, org.springframework.test.context.support.DirtiesContextTestExecutionListener@2d187fb7, org.springframework.test.context.transaction.TransactionalTestExecutionListener@7599653, org.springframework.test.context.jdbc.SqlScriptsTestExecutionListener@1e133b80, org.springframework.test.context.event.EventPublishingTestExecutionListener@8e789ee, org.springframework.boot.test.autoconfigure.restdocs.RestDocsTestExecutionListener@666caa82, org.springframework.boot.test.autoconfigure.web.client.MockRestServiceServerResetTestExecutionListener@2dcc4312, org.springframework.boot.test.autoconfigure.web.servlet.MockMvcPrintOnlyOnFailureTestExecutionListener@2a84b210, org.springframework.boot.test.autoconfigure.web.servlet.WebDriverTestExecutionListener@1e18f657, org.springframework.boot.test.autoconfigure.webservices.client.MockWebServiceServerTestExecutionListener@1d2367ac, org.springframework.boot.test.mock.mockito.ResetMocksTestExecutionListener@52b873c9]
2023-06-11 19:29:49.990  INFO 16036 --- [    Test worker] o.s.b.t.m.w.SpringBootMockServletContext : Initializing Spring TestDispatcherServlet ''
2023-06-11 19:29:49.991  INFO 16036 --- [    Test worker] o.s.t.web.servlet.TestDispatcherServlet  : Initializing Servlet ''
2023-06-11 19:29:49.993  INFO 16036 --- [    Test worker] o.s.t.web.servlet.TestDispatcherServlet  : Completed initialization in 2 ms
2023-06-11 19:29:50.029  INFO 16036 --- [    Test worker] o.s.b.t.m.w.SpringBootMockServletContext : Initializing Spring TestDispatcherServlet ''
2023-06-11 19:29:50.029  INFO 16036 --- [    Test worker] o.s.t.web.servlet.TestDispatcherServlet  : Initializing Servlet ''
2023-06-11 19:29:50.031  INFO 16036 --- [    Test worker] o.s.t.web.servlet.TestDispatcherServlet  : Completed initialization in 1 ms
2023-06-11 19:29:50.098  INFO 16036 --- [    Test worker] o.s.b.t.m.w.SpringBootMockServletContext : Initializing Spring TestDispatcherServlet ''
2023-06-11 19:29:50.102  INFO 16036 --- [    Test worker] o.s.t.web.servlet.TestDispatcherServlet  : Initializing Servlet ''
2023-06-11 19:29:50.104  INFO 16036 --- [    Test worker] o.s.t.web.servlet.TestDispatcherServlet  : Completed initialization in 2 ms
2023-06-11 19:29:50.117  INFO 16036 --- [    Test worker] o.s.b.t.m.w.SpringBootMockServletContext : Initializing Spring TestDispatcherServlet ''
2023-06-11 19:29:50.118  INFO 16036 --- [    Test worker] o.s.t.web.servlet.TestDispatcherServlet  : Initializing Servlet ''
2023-06-11 19:29:50.119  INFO 16036 --- [    Test worker] o.s.t.web.servlet.TestDispatcherServlet  : Completed initialization in 1 ms
]]></system-out>
  <system-err><![CDATA[]]></system-err>
</testsuite>
