<?xml version="1.0" encoding="UTF-8"?>
<testsuite name="vn.amela.todoList.Services.TaskServiceTest" tests="1" skipped="0" failures="0" errors="0" timestamp="2022-07-27T03:34:08" hostname="NGUYENHUYVU" time="0.022">
  <properties/>
  <testcase name="getListTasksByCondition()" classname="vn.amela.todoList.Services.TaskServiceTest" time="0.022"/>
  <system-out><![CDATA[]]></system-out>
  <system-err><![CDATA[]]></system-err>
</testsuite>
